<?xml version="1.0" encoding="UTF-8"?>
<TestRun id="3b9c4def-b82f-49ed-a7ef-76e60fbf48f5" name="Perforator@PERFORATOR-PC 2014-12-15 01:05:04" runUser="Perforator-PC\Perforator" xmlns="http://microsoft.com/schemas/VisualStudio/TeamTest/2010">
  <TestSettings name="Параметры тестирования по умолчанию" id="eea6bc7d-c3da-413f-942a-cbdf2db6377b">
    <Deployment runDeploymentRoot="Perforator_PERFORATOR-PC 2014-12-15 01_05_04">
      <DeploymentItem filename="C:\Users\Perforator\Desktop\TEMP\GIT\NORDProject\NORDProject\NORDProject\bin\NORDProject.dll" />
    </Deployment>
    <Execution>
      <TestTypeSpecific />
      <AgentRule name="Execution Agents">
      </AgentRule>
    </Execution>
  </TestSettings>
  <Times creation="2014-12-15T01:05:04.0240232+03:00" queuing="2014-12-15T01:05:05.9801351+03:00" start="2014-12-15T01:05:06.0921415+03:00" finish="2014-12-15T01:05:25.2142352+03:00" />
  <ResultSummary outcome="Error">
    <Counters total="17" executed="16" passed="15" error="0" failed="0" timeout="0" aborted="1" inconclusive="0" passedButRunAborted="0" notRunnable="0" notExecuted="1" disconnected="0" warning="0" completed="0" inProgress="0" pending="0" />
    <RunInfos>
      <RunInfo computerName="PERFORATOR-PC" outcome="Error" timestamp="2014-12-15T01:05:25.2122351+03:00">
        <Text>Неожиданный выход из тестового хост-процесса.</Text>
      </RunInfo>
    </RunInfos>
  </ResultSummary>
  <TestDefinitions>
    <UnitTest name="Register_Post_ReturnsViewIfRegistrationFails" storage="c:\users\perforator\desktop\temp\git\nordproject\nordproject\nordproject.tests\bin\debug\nordproject.tests.dll" id="da91d9b7-471c-f70e-819c-65b3da2d39e3">
      <Execution id="b1a45cd2-f89b-41bd-b82e-b1679c5572c9" />
      <TestMethod codeBase="C:/Users/Perforator/Desktop/TEMP/GIT/NORDProject/NORDProject/NORDProject.Tests/bin/Debug/NORDProject.Tests.DLL" adapterTypeName="Microsoft.VisualStudio.TestTools.TestTypes.Unit.UnitTestAdapter, Microsoft.VisualStudio.QualityTools.Tips.UnitTest.Adapter, Version=10.0.0.0, Culture=neutral, PublicKeyToken=b03f5f7f11d50a3a" className="NORDProject.Tests.Controllers.AccountControllerTest, NORDProject.Tests, Version=1.0.0.0, Culture=neutral, PublicKeyToken=null" name="Register_Post_ReturnsViewIfRegistrationFails" />
    </UnitTest>
    <UnitTest name="ChangePassword_Post_ReturnsRedirectOnSuccess" storage="c:\users\perforator\desktop\temp\git\nordproject\nordproject\nordproject.tests\bin\debug\nordproject.tests.dll" id="ade86627-71a5-17ec-8fd1-c737b80c28a6">
      <Execution id="83505818-9d78-4beb-a08b-0049c61d3bd0" />
      <TestMethod codeBase="C:/Users/Perforator/Desktop/TEMP/GIT/NORDProject/NORDProject/NORDProject.Tests/bin/Debug/NORDProject.Tests.DLL" adapterTypeName="Microsoft.VisualStudio.TestTools.TestTypes.Unit.UnitTestAdapter, Microsoft.VisualStudio.QualityTools.Tips.UnitTest.Adapter, Version=10.0.0.0, Culture=neutral, PublicKeyToken=b03f5f7f11d50a3a" className="NORDProject.Tests.Controllers.AccountControllerTest, NORDProject.Tests, Version=1.0.0.0, Culture=neutral, PublicKeyToken=null" name="ChangePassword_Post_ReturnsRedirectOnSuccess" />
    </UnitTest>
    <UnitTest name="About" storage="c:\users\perforator\desktop\temp\git\nordproject\nordproject\nordproject.tests\bin\debug\nordproject.tests.dll" id="6a5a4918-044c-fd36-22a0-a33a66c974ef">
      <Execution id="747749ad-8c2d-42a3-82a9-46709e928b45" />
      <TestMethod codeBase="C:/Users/Perforator/Desktop/TEMP/GIT/NORDProject/NORDProject/NORDProject.Tests/bin/Debug/NORDProject.Tests.DLL" adapterTypeName="Microsoft.VisualStudio.TestTools.TestTypes.Unit.UnitTestAdapter, Microsoft.VisualStudio.QualityTools.Tips.UnitTest.Adapter, Version=10.0.0.0, Culture=neutral, PublicKeyToken=b03f5f7f11d50a3a" className="NORDProject.Tests.Controllers.HomeControllerTest, NORDProject.Tests, Version=1.0.0.0, Culture=neutral, PublicKeyToken=null" name="About" />
    </UnitTest>
    <UnitTest name="LogOn_Post_ReturnsRedirectOnSuccess_WithReturnUrl" storage="c:\users\perforator\desktop\temp\git\nordproject\nordproject\nordproject.tests\bin\debug\nordproject.tests.dll" id="c385ca54-7ca4-596d-7efc-e7f090d376ee">
      <Execution id="7000d95b-2e73-4472-bb17-a8d054fffc65" />
      <TestMethod codeBase="C:/Users/Perforator/Desktop/TEMP/GIT/NORDProject/NORDProject/NORDProject.Tests/bin/Debug/NORDProject.Tests.DLL" adapterTypeName="Microsoft.VisualStudio.TestTools.TestTypes.Unit.UnitTestAdapter, Microsoft.VisualStudio.QualityTools.Tips.UnitTest.Adapter, Version=10.0.0.0, Culture=neutral, PublicKeyToken=b03f5f7f11d50a3a" className="NORDProject.Tests.Controllers.AccountControllerTest, NORDProject.Tests, Version=1.0.0.0, Culture=neutral, PublicKeyToken=null" name="LogOn_Post_ReturnsRedirectOnSuccess_WithReturnUrl" />
    </UnitTest>
    <UnitTest name="LogOn_Get_ReturnsView" storage="c:\users\perforator\desktop\temp\git\nordproject\nordproject\nordproject.tests\bin\debug\nordproject.tests.dll" id="de4978d7-01f8-b631-5759-0afa0bb76122">
      <Execution id="6fb16214-2574-4a9a-8ff2-80f2a5959aa1" />
      <TestMethod codeBase="C:/Users/Perforator/Desktop/TEMP/GIT/NORDProject/NORDProject/NORDProject.Tests/bin/Debug/NORDProject.Tests.DLL" adapterTypeName="Microsoft.VisualStudio.TestTools.TestTypes.Unit.UnitTestAdapter, Microsoft.VisualStudio.QualityTools.Tips.UnitTest.Adapter, Version=10.0.0.0, Culture=neutral, PublicKeyToken=b03f5f7f11d50a3a" className="NORDProject.Tests.Controllers.AccountControllerTest, NORDProject.Tests, Version=1.0.0.0, Culture=neutral, PublicKeyToken=null" name="LogOn_Get_ReturnsView" />
    </UnitTest>
    <UnitTest name="LogOff_LogsOutAndRedirects" storage="c:\users\perforator\desktop\temp\git\nordproject\nordproject\nordproject.tests\bin\debug\nordproject.tests.dll" id="8c8b1885-438d-2749-cfc6-cf0452bbbd9f">
      <Execution id="121a6009-1d35-4aea-97f3-283b805a78a9" />
      <TestMethod codeBase="C:/Users/Perforator/Desktop/TEMP/GIT/NORDProject/NORDProject/NORDProject.Tests/bin/Debug/NORDProject.Tests.DLL" adapterTypeName="Microsoft.VisualStudio.TestTools.TestTypes.Unit.UnitTestAdapter, Microsoft.VisualStudio.QualityTools.Tips.UnitTest.Adapter, Version=10.0.0.0, Culture=neutral, PublicKeyToken=b03f5f7f11d50a3a" className="NORDProject.Tests.Controllers.AccountControllerTest, NORDProject.Tests, Version=1.0.0.0, Culture=neutral, PublicKeyToken=null" name="LogOff_LogsOutAndRedirects" />
    </UnitTest>
    <UnitTest name="Register_Post_ReturnsViewIfModelStateIsInvalid" storage="c:\users\perforator\desktop\temp\git\nordproject\nordproject\nordproject.tests\bin\debug\nordproject.tests.dll" id="3e312cf0-5cc6-0e76-99b4-2d5044468421">
      <Execution id="7f8ba04d-cd6c-4bd9-a7c3-c3de169a0e9c" />
      <TestMethod codeBase="C:/Users/Perforator/Desktop/TEMP/GIT/NORDProject/NORDProject/NORDProject.Tests/bin/Debug/NORDProject.Tests.DLL" adapterTypeName="Microsoft.VisualStudio.TestTools.TestTypes.Unit.UnitTestAdapter, Microsoft.VisualStudio.QualityTools.Tips.UnitTest.Adapter, Version=10.0.0.0, Culture=neutral, PublicKeyToken=b03f5f7f11d50a3a" className="NORDProject.Tests.Controllers.AccountControllerTest, NORDProject.Tests, Version=1.0.0.0, Culture=neutral, PublicKeyToken=null" name="Register_Post_ReturnsViewIfModelStateIsInvalid" />
    </UnitTest>
    <UnitTest name="LogOn_Post_ReturnsViewIfValidateUserFails" storage="c:\users\perforator\desktop\temp\git\nordproject\nordproject\nordproject.tests\bin\debug\nordproject.tests.dll" id="d26fd7cf-58ea-c2c0-2843-1df6311c9f6f">
      <Execution id="02a96d1c-c0d4-49c3-bed7-ffca9f2ce9a3" />
      <TestMethod codeBase="C:/Users/Perforator/Desktop/TEMP/GIT/NORDProject/NORDProject/NORDProject.Tests/bin/Debug/NORDProject.Tests.DLL" adapterTypeName="Microsoft.VisualStudio.TestTools.TestTypes.Unit.UnitTestAdapter, Microsoft.VisualStudio.QualityTools.Tips.UnitTest.Adapter, Version=10.0.0.0, Culture=neutral, PublicKeyToken=b03f5f7f11d50a3a" className="NORDProject.Tests.Controllers.AccountControllerTest, NORDProject.Tests, Version=1.0.0.0, Culture=neutral, PublicKeyToken=null" name="LogOn_Post_ReturnsViewIfValidateUserFails" />
    </UnitTest>
    <UnitTest name="Register_Get_ReturnsView" storage="c:\users\perforator\desktop\temp\git\nordproject\nordproject\nordproject.tests\bin\debug\nordproject.tests.dll" id="0b86dca8-1860-b4b9-0b3f-eee8c4a87088">
      <Execution id="f351e537-787f-4fc4-a10f-804043ca1e4b" />
      <TestMethod codeBase="C:/Users/Perforator/Desktop/TEMP/GIT/NORDProject/NORDProject/NORDProject.Tests/bin/Debug/NORDProject.Tests.DLL" adapterTypeName="Microsoft.VisualStudio.TestTools.TestTypes.Unit.UnitTestAdapter, Microsoft.VisualStudio.QualityTools.Tips.UnitTest.Adapter, Version=10.0.0.0, Culture=neutral, PublicKeyToken=b03f5f7f11d50a3a" className="NORDProject.Tests.Controllers.AccountControllerTest, NORDProject.Tests, Version=1.0.0.0, Culture=neutral, PublicKeyToken=null" name="Register_Get_ReturnsView" />
    </UnitTest>
    <UnitTest name="ChangePassword_Post_ReturnsViewIfModelStateIsInvalid" storage="c:\users\perforator\desktop\temp\git\nordproject\nordproject\nordproject.tests\bin\debug\nordproject.tests.dll" id="c97ccfc5-9f66-da30-9cac-ff51d6aabeef">
      <Execution id="171799d4-3809-486a-8cfe-7223927c0a75" />
      <TestMethod codeBase="C:/Users/Perforator/Desktop/TEMP/GIT/NORDProject/NORDProject/NORDProject.Tests/bin/Debug/NORDProject.Tests.DLL" adapterTypeName="Microsoft.VisualStudio.TestTools.TestTypes.Unit.UnitTestAdapter, Microsoft.VisualStudio.QualityTools.Tips.UnitTest.Adapter, Version=10.0.0.0, Culture=neutral, PublicKeyToken=b03f5f7f11d50a3a" className="NORDProject.Tests.Controllers.AccountControllerTest, NORDProject.Tests, Version=1.0.0.0, Culture=neutral, PublicKeyToken=null" name="ChangePassword_Post_ReturnsViewIfModelStateIsInvalid" />
    </UnitTest>
    <UnitTest name="Index" storage="c:\users\perforator\desktop\temp\git\nordproject\nordproject\nordproject.tests\bin\debug\nordproject.tests.dll" id="bdcfda76-3e8d-fbd8-bacd-1510a08d9a8b">
      <Execution id="1032f7b8-4107-462f-935a-6106305cd57e" />
      <TestMethod codeBase="C:/Users/Perforator/Desktop/TEMP/GIT/NORDProject/NORDProject/NORDProject.Tests/bin/Debug/NORDProject.Tests.DLL" adapterTypeName="Microsoft.VisualStudio.TestTools.TestTypes.Unit.UnitTestAdapter, Microsoft.VisualStudio.QualityTools.Tips.UnitTest.Adapter, Version=10.0.0.0, Culture=neutral, PublicKeyToken=b03f5f7f11d50a3a" className="NORDProject.Tests.Controllers.HomeControllerTest, NORDProject.Tests, Version=1.0.0.0, Culture=neutral, PublicKeyToken=null" name="Index" />
    </UnitTest>
    <UnitTest name="LogOn_Post_ReturnsViewIfModelStateIsInvalid" storage="c:\users\perforator\desktop\temp\git\nordproject\nordproject\nordproject.tests\bin\debug\nordproject.tests.dll" id="328bcdb5-6531-7fa3-a94d-1e01ddc58c0a">
      <Execution id="ae8c1ad5-d7ef-4e67-b996-f939b7a691d7" />
      <TestMethod codeBase="C:/Users/Perforator/Desktop/TEMP/GIT/NORDProject/NORDProject/NORDProject.Tests/bin/Debug/NORDProject.Tests.DLL" adapterTypeName="Microsoft.VisualStudio.TestTools.TestTypes.Unit.UnitTestAdapter, Microsoft.VisualStudio.QualityTools.Tips.UnitTest.Adapter, Version=10.0.0.0, Culture=neutral, PublicKeyToken=b03f5f7f11d50a3a" className="NORDProject.Tests.Controllers.AccountControllerTest, NORDProject.Tests, Version=1.0.0.0, Culture=neutral, PublicKeyToken=null" name="LogOn_Post_ReturnsViewIfModelStateIsInvalid" />
    </UnitTest>
    <UnitTest name="ChangePassword_Get_ReturnsView" storage="c:\users\perforator\desktop\temp\git\nordproject\nordproject\nordproject.tests\bin\debug\nordproject.tests.dll" id="f7b124ab-c405-8e63-46be-32daca59857e">
      <Execution id="a6ea10a8-c0f3-42e6-9115-1cee8396c242" />
      <TestMethod codeBase="C:/Users/Perforator/Desktop/TEMP/GIT/NORDProject/NORDProject/NORDProject.Tests/bin/Debug/NORDProject.Tests.DLL" adapterTypeName="Microsoft.VisualStudio.TestTools.TestTypes.Unit.UnitTestAdapter, Microsoft.VisualStudio.QualityTools.Tips.UnitTest.Adapter, Version=10.0.0.0, Culture=neutral, PublicKeyToken=b03f5f7f11d50a3a" className="NORDProject.Tests.Controllers.AccountControllerTest, NORDProject.Tests, Version=1.0.0.0, Culture=neutral, PublicKeyToken=null" name="ChangePassword_Get_ReturnsView" />
    </UnitTest>
    <UnitTest name="LogOn_Post_ReturnsRedirectOnSuccess_WithoutReturnUrl" storage="c:\users\perforator\desktop\temp\git\nordproject\nordproject\nordproject.tests\bin\debug\nordproject.tests.dll" id="ca63df7b-a61c-4afa-f7e7-002a7e16da3e">
      <Execution id="3b7e7901-abb3-473f-b26f-2e3845205792" />
      <TestMethod codeBase="C:/Users/Perforator/Desktop/TEMP/GIT/NORDProject/NORDProject/NORDProject.Tests/bin/Debug/NORDProject.Tests.DLL" adapterTypeName="Microsoft.VisualStudio.TestTools.TestTypes.Unit.UnitTestAdapter, Microsoft.VisualStudio.QualityTools.Tips.UnitTest.Adapter, Version=10.0.0.0, Culture=neutral, PublicKeyToken=b03f5f7f11d50a3a" className="NORDProject.Tests.Controllers.AccountControllerTest, NORDProject.Tests, Version=1.0.0.0, Culture=neutral, PublicKeyToken=null" name="LogOn_Post_ReturnsRedirectOnSuccess_WithoutReturnUrl" />
    </UnitTest>
    <UnitTest name="ChangePassword_Post_ReturnsViewIfChangePasswordFails" storage="c:\users\perforator\desktop\temp\git\nordproject\nordproject\nordproject.tests\bin\debug\nordproject.tests.dll" id="cdee043b-7566-5245-e80a-b8ac8259847f">
      <Execution id="13edeee6-586d-4a1b-b9a4-6521efd51f5b" />
      <TestMethod codeBase="C:/Users/Perforator/Desktop/TEMP/GIT/NORDProject/NORDProject/NORDProject.Tests/bin/Debug/NORDProject.Tests.DLL" adapterTypeName="Microsoft.VisualStudio.TestTools.TestTypes.Unit.UnitTestAdapter, Microsoft.VisualStudio.QualityTools.Tips.UnitTest.Adapter, Version=10.0.0.0, Culture=neutral, PublicKeyToken=b03f5f7f11d50a3a" className="NORDProject.Tests.Controllers.AccountControllerTest, NORDProject.Tests, Version=1.0.0.0, Culture=neutral, PublicKeyToken=null" name="ChangePassword_Post_ReturnsViewIfChangePasswordFails" />
    </UnitTest>
    <UnitTest name="ChangePasswordSuccess_ReturnsView" storage="c:\users\perforator\desktop\temp\git\nordproject\nordproject\nordproject.tests\bin\debug\nordproject.tests.dll" id="2212aae3-5f9e-d9fe-3c11-7ee3c5f2c740">
      <Execution id="3dcd2bb1-bc8a-457e-bef6-0f9b4aea2e3f" />
      <TestMethod codeBase="C:/Users/Perforator/Desktop/TEMP/GIT/NORDProject/NORDProject/NORDProject.Tests/bin/Debug/NORDProject.Tests.DLL" adapterTypeName="Microsoft.VisualStudio.TestTools.TestTypes.Unit.UnitTestAdapter, Microsoft.VisualStudio.QualityTools.Tips.UnitTest.Adapter, Version=10.0.0.0, Culture=neutral, PublicKeyToken=b03f5f7f11d50a3a" className="NORDProject.Tests.Controllers.AccountControllerTest, NORDProject.Tests, Version=1.0.0.0, Culture=neutral, PublicKeyToken=null" name="ChangePasswordSuccess_ReturnsView" />
    </UnitTest>
    <UnitTest name="Register_Post_ReturnsRedirectOnSuccess" storage="c:\users\perforator\desktop\temp\git\nordproject\nordproject\nordproject.tests\bin\debug\nordproject.tests.dll" id="9f8c143e-64aa-5960-46f6-403676292abe">
      <Execution id="438691e9-39ba-464f-97fa-c521cc0326ae" />
      <TestMethod codeBase="C:/Users/Perforator/Desktop/TEMP/GIT/NORDProject/NORDProject/NORDProject.Tests/bin/Debug/NORDProject.Tests.DLL" adapterTypeName="Microsoft.VisualStudio.TestTools.TestTypes.Unit.UnitTestAdapter, Microsoft.VisualStudio.QualityTools.Tips.UnitTest.Adapter, Version=10.0.0.0, Culture=neutral, PublicKeyToken=b03f5f7f11d50a3a" className="NORDProject.Tests.Controllers.AccountControllerTest, NORDProject.Tests, Version=1.0.0.0, Culture=neutral, PublicKeyToken=null" name="Register_Post_ReturnsRedirectOnSuccess" />
    </UnitTest>
  </TestDefinitions>
  <TestLists>
    <TestList name="Отсутствующие в списке результаты" id="8c84fa94-04c1-424b-9868-57a2d4851a1d" />
    <TestList name="Все загруженные результаты" id="19431567-8539-422a-85d7-44ee4e166bda" />
  </TestLists>
  <TestEntries>
    <TestEntry testId="f7b124ab-c405-8e63-46be-32daca59857e" executionId="a6ea10a8-c0f3-42e6-9115-1cee8396c242" testListId="8c84fa94-04c1-424b-9868-57a2d4851a1d" />
    <TestEntry testId="ade86627-71a5-17ec-8fd1-c737b80c28a6" executionId="83505818-9d78-4beb-a08b-0049c61d3bd0" testListId="8c84fa94-04c1-424b-9868-57a2d4851a1d" />
    <TestEntry testId="cdee043b-7566-5245-e80a-b8ac8259847f" executionId="13edeee6-586d-4a1b-b9a4-6521efd51f5b" testListId="8c84fa94-04c1-424b-9868-57a2d4851a1d" />
    <TestEntry testId="c97ccfc5-9f66-da30-9cac-ff51d6aabeef" executionId="171799d4-3809-486a-8cfe-7223927c0a75" testListId="8c84fa94-04c1-424b-9868-57a2d4851a1d" />
    <TestEntry testId="2212aae3-5f9e-d9fe-3c11-7ee3c5f2c740" executionId="3dcd2bb1-bc8a-457e-bef6-0f9b4aea2e3f" testListId="8c84fa94-04c1-424b-9868-57a2d4851a1d" />
    <TestEntry testId="8c8b1885-438d-2749-cfc6-cf0452bbbd9f" executionId="121a6009-1d35-4aea-97f3-283b805a78a9" testListId="8c84fa94-04c1-424b-9868-57a2d4851a1d" />
    <TestEntry testId="de4978d7-01f8-b631-5759-0afa0bb76122" executionId="6fb16214-2574-4a9a-8ff2-80f2a5959aa1" testListId="8c84fa94-04c1-424b-9868-57a2d4851a1d" />
    <TestEntry testId="ca63df7b-a61c-4afa-f7e7-002a7e16da3e" executionId="3b7e7901-abb3-473f-b26f-2e3845205792" testListId="8c84fa94-04c1-424b-9868-57a2d4851a1d" />
    <TestEntry testId="c385ca54-7ca4-596d-7efc-e7f090d376ee" executionId="7000d95b-2e73-4472-bb17-a8d054fffc65" testListId="8c84fa94-04c1-424b-9868-57a2d4851a1d" />
    <TestEntry testId="328bcdb5-6531-7fa3-a94d-1e01ddc58c0a" executionId="ae8c1ad5-d7ef-4e67-b996-f939b7a691d7" testListId="8c84fa94-04c1-424b-9868-57a2d4851a1d" />
    <TestEntry testId="d26fd7cf-58ea-c2c0-2843-1df6311c9f6f" executionId="02a96d1c-c0d4-49c3-bed7-ffca9f2ce9a3" testListId="8c84fa94-04c1-424b-9868-57a2d4851a1d" />
    <TestEntry testId="0b86dca8-1860-b4b9-0b3f-eee8c4a87088" executionId="f351e537-787f-4fc4-a10f-804043ca1e4b" testListId="8c84fa94-04c1-424b-9868-57a2d4851a1d" />
    <TestEntry testId="9f8c143e-64aa-5960-46f6-403676292abe" executionId="438691e9-39ba-464f-97fa-c521cc0326ae" testListId="8c84fa94-04c1-424b-9868-57a2d4851a1d" />
    <TestEntry testId="da91d9b7-471c-f70e-819c-65b3da2d39e3" executionId="b1a45cd2-f89b-41bd-b82e-b1679c5572c9" testListId="8c84fa94-04c1-424b-9868-57a2d4851a1d" />
    <TestEntry testId="3e312cf0-5cc6-0e76-99b4-2d5044468421" executionId="7f8ba04d-cd6c-4bd9-a7c3-c3de169a0e9c" testListId="8c84fa94-04c1-424b-9868-57a2d4851a1d" />
    <TestEntry testId="bdcfda76-3e8d-fbd8-bacd-1510a08d9a8b" executionId="1032f7b8-4107-462f-935a-6106305cd57e" testListId="8c84fa94-04c1-424b-9868-57a2d4851a1d" />
    <TestEntry testId="6a5a4918-044c-fd36-22a0-a33a66c974ef" executionId="747749ad-8c2d-42a3-82a9-46709e928b45" testListId="8c84fa94-04c1-424b-9868-57a2d4851a1d" />
  </TestEntries>
  <Results>
    <UnitTestResult executionId="a6ea10a8-c0f3-42e6-9115-1cee8396c242" testId="f7b124ab-c405-8e63-46be-32daca59857e" testName="ChangePassword_Get_ReturnsView" computerName="PERFORATOR-PC" duration="00:00:00.0595720" startTime="2014-12-15T01:05:06.1431444+03:00" endTime="2014-12-15T01:05:08.3772722+03:00" testType="13cdc9d9-ddb5-4fa4-a97d-d965ccfc6d4b" outcome="Passed" testListId="8c84fa94-04c1-424b-9868-57a2d4851a1d" relativeResultsDirectory="a6ea10a8-c0f3-42e6-9115-1cee8396c242">
    </UnitTestResult>
    <UnitTestResult executionId="83505818-9d78-4beb-a08b-0049c61d3bd0" testId="ade86627-71a5-17ec-8fd1-c737b80c28a6" testName="ChangePassword_Post_ReturnsRedirectOnSuccess" computerName="PERFORATOR-PC" duration="00:00:00.0123188" startTime="2014-12-15T01:05:08.4072739+03:00" endTime="2014-12-15T01:05:08.4302752+03:00" testType="13cdc9d9-ddb5-4fa4-a97d-d965ccfc6d4b" outcome="Passed" testListId="8c84fa94-04c1-424b-9868-57a2d4851a1d" relativeResultsDirectory="83505818-9d78-4beb-a08b-0049c61d3bd0">
    </UnitTestResult>
    <UnitTestResult executionId="13edeee6-586d-4a1b-b9a4-6521efd51f5b" testId="cdee043b-7566-5245-e80a-b8ac8259847f" testName="ChangePassword_Post_ReturnsViewIfChangePasswordFails" computerName="PERFORATOR-PC" duration="00:00:00.0024993" startTime="2014-12-15T01:05:08.4492763+03:00" endTime="2014-12-15T01:05:08.4682774+03:00" testType="13cdc9d9-ddb5-4fa4-a97d-d965ccfc6d4b" outcome="Passed" testListId="8c84fa94-04c1-424b-9868-57a2d4851a1d" relativeResultsDirectory="13edeee6-586d-4a1b-b9a4-6521efd51f5b">
    </UnitTestResult>
    <UnitTestResult executionId="171799d4-3809-486a-8cfe-7223927c0a75" testId="c97ccfc5-9f66-da30-9cac-ff51d6aabeef" testName="ChangePassword_Post_ReturnsViewIfModelStateIsInvalid" computerName="PERFORATOR-PC" duration="00:00:00.0007690" startTime="2014-12-15T01:05:08.4802781+03:00" endTime="2014-12-15T01:05:08.4872785+03:00" testType="13cdc9d9-ddb5-4fa4-a97d-d965ccfc6d4b" outcome="Passed" testListId="8c84fa94-04c1-424b-9868-57a2d4851a1d" relativeResultsDirectory="171799d4-3809-486a-8cfe-7223927c0a75">
    </UnitTestResult>
    <UnitTestResult executionId="3dcd2bb1-bc8a-457e-bef6-0f9b4aea2e3f" testId="2212aae3-5f9e-d9fe-3c11-7ee3c5f2c740" testName="ChangePasswordSuccess_ReturnsView" computerName="PERFORATOR-PC" duration="00:00:00.0004049" startTime="2014-12-15T01:05:08.4932788+03:00" endTime="2014-12-15T01:05:08.4972791+03:00" testType="13cdc9d9-ddb5-4fa4-a97d-d965ccfc6d4b" outcome="Passed" testListId="8c84fa94-04c1-424b-9868-57a2d4851a1d" relativeResultsDirectory="3dcd2bb1-bc8a-457e-bef6-0f9b4aea2e3f">
    </UnitTestResult>
    <UnitTestResult executionId="121a6009-1d35-4aea-97f3-283b805a78a9" testId="8c8b1885-438d-2749-cfc6-cf0452bbbd9f" testName="LogOff_LogsOutAndRedirects" computerName="PERFORATOR-PC" duration="00:00:00.0008849" startTime="2014-12-15T01:05:08.5032794+03:00" endTime="2014-12-15T01:05:08.5082797+03:00" testType="13cdc9d9-ddb5-4fa4-a97d-d965ccfc6d4b" outcome="Passed" testListId="8c84fa94-04c1-424b-9868-57a2d4851a1d" relativeResultsDirectory="121a6009-1d35-4aea-97f3-283b805a78a9">
    </UnitTestResult>
    <UnitTestResult executionId="6fb16214-2574-4a9a-8ff2-80f2a5959aa1" testId="de4978d7-01f8-b631-5759-0afa0bb76122" testName="LogOn_Get_ReturnsView" computerName="PERFORATOR-PC" duration="00:00:00.0003545" startTime="2014-12-15T01:05:08.5252807+03:00" endTime="2014-12-15T01:05:08.5312810+03:00" testType="13cdc9d9-ddb5-4fa4-a97d-d965ccfc6d4b" outcome="Passed" testListId="8c84fa94-04c1-424b-9868-57a2d4851a1d" relativeResultsDirectory="6fb16214-2574-4a9a-8ff2-80f2a5959aa1">
    </UnitTestResult>
    <UnitTestResult executionId="3b7e7901-abb3-473f-b26f-2e3845205792" testId="ca63df7b-a61c-4afa-f7e7-002a7e16da3e" testName="LogOn_Post_ReturnsRedirectOnSuccess_WithoutReturnUrl" computerName="PERFORATOR-PC" duration="00:00:00.0014817" startTime="2014-12-15T01:05:08.5412816+03:00" endTime="2014-12-15T01:05:08.5462819+03:00" testType="13cdc9d9-ddb5-4fa4-a97d-d965ccfc6d4b" outcome="Passed" testListId="8c84fa94-04c1-424b-9868-57a2d4851a1d" relativeResultsDirectory="3b7e7901-abb3-473f-b26f-2e3845205792">
    </UnitTestResult>
    <UnitTestResult executionId="7000d95b-2e73-4472-bb17-a8d054fffc65" testId="c385ca54-7ca4-596d-7efc-e7f090d376ee" testName="LogOn_Post_ReturnsRedirectOnSuccess_WithReturnUrl" computerName="PERFORATOR-PC" duration="00:00:00.0013043" startTime="2014-12-15T01:05:08.5552824+03:00" endTime="2014-12-15T01:05:08.5942846+03:00" testType="13cdc9d9-ddb5-4fa4-a97d-d965ccfc6d4b" outcome="Passed" testListId="8c84fa94-04c1-424b-9868-57a2d4851a1d" relativeResultsDirectory="7000d95b-2e73-4472-bb17-a8d054fffc65">
    </UnitTestResult>
    <UnitTestResult executionId="ae8c1ad5-d7ef-4e67-b996-f939b7a691d7" testId="328bcdb5-6531-7fa3-a94d-1e01ddc58c0a" testName="LogOn_Post_ReturnsViewIfModelStateIsInvalid" computerName="PERFORATOR-PC" duration="00:00:00.0003255" startTime="2014-12-15T01:05:08.5982848+03:00" endTime="2014-12-15T01:05:08.6032851+03:00" testType="13cdc9d9-ddb5-4fa4-a97d-d965ccfc6d4b" outcome="Passed" testListId="8c84fa94-04c1-424b-9868-57a2d4851a1d" relativeResultsDirectory="ae8c1ad5-d7ef-4e67-b996-f939b7a691d7">
    </UnitTestResult>
    <UnitTestResult executionId="02a96d1c-c0d4-49c3-bed7-ffca9f2ce9a3" testId="d26fd7cf-58ea-c2c0-2843-1df6311c9f6f" testName="LogOn_Post_ReturnsViewIfValidateUserFails" computerName="PERFORATOR-PC" duration="00:00:00.0004256" startTime="2014-12-15T01:05:08.6082854+03:00" endTime="2014-12-15T01:05:08.6122856+03:00" testType="13cdc9d9-ddb5-4fa4-a97d-d965ccfc6d4b" outcome="Passed" testListId="8c84fa94-04c1-424b-9868-57a2d4851a1d" relativeResultsDirectory="02a96d1c-c0d4-49c3-bed7-ffca9f2ce9a3">
    </UnitTestResult>
    <UnitTestResult executionId="f351e537-787f-4fc4-a10f-804043ca1e4b" testId="0b86dca8-1860-b4b9-0b3f-eee8c4a87088" testName="Register_Get_ReturnsView" computerName="PERFORATOR-PC" duration="00:00:00.0005770" startTime="2014-12-15T01:05:08.6212862+03:00" endTime="2014-12-15T01:05:08.6272865+03:00" testType="13cdc9d9-ddb5-4fa4-a97d-d965ccfc6d4b" outcome="Passed" testListId="8c84fa94-04c1-424b-9868-57a2d4851a1d" relativeResultsDirectory="f351e537-787f-4fc4-a10f-804043ca1e4b">
    </UnitTestResult>
    <UnitTestResult executionId="438691e9-39ba-464f-97fa-c521cc0326ae" testId="9f8c143e-64aa-5960-46f6-403676292abe" testName="Register_Post_ReturnsRedirectOnSuccess" computerName="PERFORATOR-PC" duration="00:00:00.0021121" startTime="2014-12-15T01:05:08.6372871+03:00" endTime="2014-12-15T01:05:08.6432874+03:00" testType="13cdc9d9-ddb5-4fa4-a97d-d965ccfc6d4b" outcome="Passed" testListId="8c84fa94-04c1-424b-9868-57a2d4851a1d" relativeResultsDirectory="438691e9-39ba-464f-97fa-c521cc0326ae">
    </UnitTestResult>
    <UnitTestResult executionId="b1a45cd2-f89b-41bd-b82e-b1679c5572c9" testId="da91d9b7-471c-f70e-819c-65b3da2d39e3" testName="Register_Post_ReturnsViewIfRegistrationFails" computerName="PERFORATOR-PC" duration="00:00:00.0031870" startTime="2014-12-15T01:05:08.6482877+03:00" endTime="2014-12-15T01:05:08.6562882+03:00" testType="13cdc9d9-ddb5-4fa4-a97d-d965ccfc6d4b" outcome="Passed" testListId="8c84fa94-04c1-424b-9868-57a2d4851a1d" relativeResultsDirectory="b1a45cd2-f89b-41bd-b82e-b1679c5572c9">
    </UnitTestResult>
    <UnitTestResult executionId="7f8ba04d-cd6c-4bd9-a7c3-c3de169a0e9c" testId="3e312cf0-5cc6-0e76-99b4-2d5044468421" testName="Register_Post_ReturnsViewIfModelStateIsInvalid" computerName="PERFORATOR-PC" duration="00:00:00.0003851" startTime="2014-12-15T01:05:08.6702890+03:00" endTime="2014-12-15T01:05:08.6752892+03:00" testType="13cdc9d9-ddb5-4fa4-a97d-d965ccfc6d4b" outcome="Passed" testListId="8c84fa94-04c1-424b-9868-57a2d4851a1d" relativeResultsDirectory="7f8ba04d-cd6c-4bd9-a7c3-c3de169a0e9c">
    </UnitTestResult>
    <UnitTestResult executionId="1032f7b8-4107-462f-935a-6106305cd57e" testId="bdcfda76-3e8d-fbd8-bacd-1510a08d9a8b" testName="Index" computerName="PERFORATOR-PC" duration="00:00:16.5289454" startTime="2014-12-15T01:05:08.6852898+03:00" endTime="2014-12-15T01:05:25.2142352+03:00" testType="13cdc9d9-ddb5-4fa4-a97d-d965ccfc6d4b" outcome="Aborted" testListId="8c84fa94-04c1-424b-9868-57a2d4851a1d" relativeResultsDirectory="1032f7b8-4107-462f-935a-6106305cd57e">
    </UnitTestResult>
    <UnitTestResult executionId="747749ad-8c2d-42a3-82a9-46709e928b45" testId="6a5a4918-044c-fd36-22a0-a33a66c974ef" testName="About" computerName="PERFORATOR-PC" testType="13cdc9d9-ddb5-4fa4-a97d-d965ccfc6d4b" outcome="NotExecuted" testListId="8c84fa94-04c1-424b-9868-57a2d4851a1d" relativeResultsDirectory="747749ad-8c2d-42a3-82a9-46709e928b45">
    </UnitTestResult>
  </Results>
</TestRun>